<?xml version="1.0" encoding="UTF-8"?>
<testng-results ignored="0" total="2" passed="2" failed="0" skipped="0">
  <reporter-output>
  </reporter-output>
  <suite started-at="2025-01-29T11:26:13 IST" name="Suite" finished-at="2025-01-29T11:26:41 IST" duration-ms="28011">
    <groups>
      <group name="Purchase">
        <method signature="SubmitOrderTest.SubmitOrder(java.util.HashMap)[pri:0, instance:rahulshettyacademy.Tests.SubmitOrderTest@302552ec]" name="SubmitOrder" class="rahulshettyacademy.Tests.SubmitOrderTest"/>
      </group> <!-- Purchase -->
    </groups>
    <test started-at="2025-01-29T11:26:13 IST" name="Error Valdations Test" finished-at="2025-01-29T11:26:13 IST" duration-ms="16">
    </test> <!-- Error Valdations Test -->
    <test started-at="2025-01-29T11:26:13 IST" name="Submit Order Test" finished-at="2025-01-29T11:26:41 IST" duration-ms="28011">
      <class name="rahulshettyacademy.Tests.SubmitOrderTest">
        <test-method is-config="true" signature="launchApplication()[pri:0, instance:rahulshettyacademy.Tests.SubmitOrderTest@302552ec]" started-at="2025-01-29T11:26:14 IST" name="launchApplication" finished-at="2025-01-29T11:26:24 IST" duration-ms="10109" status="PASS">
          <reporter-output>
          </reporter-output>
        </test-method> <!-- launchApplication -->
        <test-method signature="SubmitOrder(java.util.HashMap)[pri:0, instance:rahulshettyacademy.Tests.SubmitOrderTest@302552ec]" started-at="2025-01-29T11:26:24 IST" name="SubmitOrder" data-provider="getData" finished-at="2025-01-29T11:26:28 IST" duration-ms="3899" status="PASS">
          <params>
            <param index="0">
              <value>
                <![CDATA[{password=Auto@123!, product=IPHONE 13 PRO, email=abhishekmone.12@gmail.com}]]>
              </value>
            </param>
          </params>
          <reporter-output>
          </reporter-output>
        </test-method> <!-- SubmitOrder -->
        <test-method is-config="true" signature="tearDown()[pri:0, instance:rahulshettyacademy.Tests.SubmitOrderTest@302552ec]" started-at="2025-01-29T11:26:28 IST" name="tearDown" finished-at="2025-01-29T11:26:29 IST" duration-ms="1898" status="PASS">
          <reporter-output>
          </reporter-output>
        </test-method> <!-- tearDown -->
        <test-method is-config="true" signature="launchApplication()[pri:0, instance:rahulshettyacademy.Tests.SubmitOrderTest@302552ec]" started-at="2025-01-29T11:26:29 IST" name="launchApplication" finished-at="2025-01-29T11:26:37 IST" duration-ms="7569" status="PASS">
          <reporter-output>
          </reporter-output>
        </test-method> <!-- launchApplication -->
        <test-method signature="SubmitOrder(java.util.HashMap)[pri:0, instance:rahulshettyacademy.Tests.SubmitOrderTest@302552ec]" started-at="2025-01-29T11:26:37 IST" name="SubmitOrder" data-provider="getData" finished-at="2025-01-29T11:26:41 IST" duration-ms="3891" status="PASS">
          <params>
            <param index="0">
              <value>
                <![CDATA[{password=Iamking@000, product=IPHONE 13 PRO, email=anshika@gmail.com}]]>
              </value>
            </param>
          </params>
          <reporter-output>
          </reporter-output>
        </test-method> <!-- SubmitOrder -->
        <test-method is-config="true" signature="tearDown()[pri:0, instance:rahulshettyacademy.Tests.SubmitOrderTest@302552ec]" started-at="2025-01-29T11:26:41 IST" name="tearDown" finished-at="2025-01-29T11:26:41 IST" duration-ms="306" status="PASS">
          <reporter-output>
          </reporter-output>
        </test-method> <!-- tearDown -->
      </class> <!-- rahulshettyacademy.Tests.SubmitOrderTest -->
    </test> <!-- Submit Order Test -->
  </suite> <!-- Suite -->
</testng-results>
