<?xml version="1.0" encoding="UTF-8"?>
<!-- Generated by org.testng.reporters.JUnitXMLReporter -->
<testsuite ignored="0" hostname="Sumit" failures="0" tests="3" name=" Submit Order Test" time="23.727" errors="0" timestamp="2025-02-06T08:48:04 IST">
  <testcase classname="rahulshettyacademy.Tests.SubmitOrderTest" name="SubmitOrder" time="3.589"/>
  <testcase classname="rahulshettyacademy.Tests.SubmitOrderTest" name="SubmitOrder" time="3.384"/>
  <testcase classname="rahulshettyacademy.Tests.SubmitOrderTest" name="VerifyOrderDisplay" time="0.861"/>
</testsuite> <!--  Submit Order Test -->
