<?xml version="1.0" encoding="UTF-8"?>
<!-- Generated by org.testng.reporters.JUnitXMLReporter -->
<testsuite ignored="0" hostname="Sumit" failures="1" tests="2" name="Error Validations Test" time="12.772" errors="0" timestamp="2025-02-06T08:48:17 IST">
  <testcase classname="rahulshettyacademy.Tests.ErrorValidationTest" name="loginErrorValdation" time="0.547">
    <failure type="java.lang.AssertionError" message="expected [Incorrect email or password.] but found [password.]">
      <![CDATA[java.lang.AssertionError: expected [Incorrect email or password.] but found [password.]
at rahulshettyacademy.Tests.ErrorValidationTest.loginErrorValdation(ErrorValidationTest.java:22)
at java.base/java.util.ArrayList.forEach(ArrayList.java:1597)
... Removed 31 stack frames]]>
    </failure>
  </testcase> <!-- loginErrorValdation -->
  <testcase classname="rahulshettyacademy.Tests.ErrorValidationTest" name="productErrorValdation" time="2.453"/>
</testsuite> <!-- Error Validations Test -->
