<?xml version="1.0" encoding="UTF-8"?>
<!-- Generated by org.testng.reporters.JUnitXMLReporter -->
<testsuite ignored="2" hostname="Sumit" failures="0" tests="0" time="0.016" errors="0" timestamp="2025-01-29T11:26:13 IST">
  <testcase classname="rahulshettyacademy.Tests.ErrorValidationTest" name="productErrorValdation" time="0.0">
    <ignored/>
  </testcase> <!-- productErrorValdation -->
  <testcase classname="rahulshettyacademy.Tests.ErrorValidationTest" name="loginErrorValdation" time="0.0">
    <ignored/>
  </testcase> <!-- loginErrorValdation -->
</testsuite>
