<?xml version="1.0" encoding="UTF-8"?>
<!-- Generated by org.testng.reporters.JUnitXMLReporter -->
<testsuite ignored="1" hostname="Sumit" failures="0" tests="2" name="Submit Order Test" time="28.011" errors="0" timestamp="2025-01-29T11:26:41 IST">
  <testcase classname="rahulshettyacademy.Tests.SubmitOrderTest" name="SubmitOrder" time="3.899"/>
  <testcase classname="rahulshettyacademy.Tests.SubmitOrderTest" name="SubmitOrder" time="3.891"/>
  <testcase classname="rahulshettyacademy.Tests.SubmitOrderTest" name="VerifyOrderDisplay" time="0.0">
    <ignored/>
  </testcase> <!-- VerifyOrderDisplay -->
</testsuite> <!-- Submit Order Test -->
